<?xml version="1.0" encoding="UTF-8"?>
<!-- Generated by org.testng.reporters.JUnitReportReporter -->
<testsuite hostname="Ashik" failures="0" tests="1" name="Bdd.RestAssureda" time="2.312" errors="0" timestamp="2024-03-06T19:47:57 IST" skipped="0">
  <testcase classname="Bdd.RestAssureda" name="postReq" time="2.312"/>
</testsuite> <!-- Bdd.RestAssureda -->
