<?xml version="1.0" encoding="UTF-8"?>
<!-- Generated by org.testng.reporters.JUnitReportReporter -->
<testsuite hostname="Ashik" failures="0" tests="1" name="org.rest.NonBdd" time="2.799" errors="0" timestamp="2024-03-06T13:45:41 IST" skipped="0">
  <testcase classname="org.rest.NonBdd" name="getParticularUser" time="2.799"/>
</testsuite> <!-- org.rest.NonBdd -->
